<?xml version="1.0" encoding="UTF-8"?>
<!-- Generated by org.testng.reporters.JUnitReportReporter -->
<testsuite skipped="0" hostname="IJ_Workstation" name="inheritance.co.mz.parllel1" tests="3" failures="0" timestamp="17 Jul 2017 17:09:34 GMT" time="0.023" errors="0">
  <testcase name="Testcase6" time="0.011" classname="inheritance.co.mz.parllel1"/>
  <testcase name="Testcase4" time="0.010" classname="inheritance.co.mz.parllel1"/>
  <testcase name="Testcase5" time="0.002" classname="inheritance.co.mz.parllel1"/>
</testsuite> <!-- inheritance.co.mz.parllel1 -->
