<?xml version="1.0" encoding="UTF-8"?>
<!-- Generated by org.testng.reporters.JUnitReportReporter -->
<testsuite skipped="0" hostname="IJ_Workstation" name="inheritance.co.mz.parllel" tests="3" failures="0" timestamp="17 Jul 2017 17:09:34 GMT" time="0.013" errors="0">
  <testcase name="Testcase3" time="0.001" classname="inheritance.co.mz.parllel"/>
  <testcase name="Testcase1" time="0.010" classname="inheritance.co.mz.parllel"/>
  <testcase name="Testcase2" time="0.002" classname="inheritance.co.mz.parllel"/>
</testsuite> <!-- inheritance.co.mz.parllel -->
