<?xml version="1.0" encoding="UTF-8"?>
<!-- Generated by org.testng.reporters.JUnitReportReporter -->
<testsuite skipped="0" hostname="IJ_Workstation" name="inheritance.co.mz.group" tests="2" failures="0" timestamp="17 Jul 2017 16:49:18 GMT" time="0.008" errors="0">
  <testcase name="addvendor" time="0.006" classname="inheritance.co.mz.group"/>
  <testcase name="addproduct" time="0.002" classname="inheritance.co.mz.group"/>
</testsuite> <!-- inheritance.co.mz.group -->
