<?xml version="1.0" encoding="UTF-8"?>
<!-- Generated by org.testng.reporters.JUnitReportReporter -->
<testsuite skipped="0" hostname="IJ_Workstation" name="inheritance.co.mz.TestNGtest" tests="3" failures="0" timestamp="17 Jul 2017 17:25:20 GMT" time="10.222" errors="0">
  <testcase name="selecta" time="0.020" classname="inheritance.co.mz.TestNGtest"/>
  <testcase name="selectloginbusiness" time="4.594" classname="inheritance.co.mz.TestNGtest"/>
  <testcase name="absalogindetails" time="5.608" classname="inheritance.co.mz.TestNGtest"/>
</testsuite> <!-- inheritance.co.mz.TestNGtest -->
